       chromosome database         type    start      end score strand frame  \
365070          X  FlyBase         gene  7074550  7098056     .      -     .   
365071          X  FlyBase   transcript  7074550  7092883     .      -     .   
365072          X  FlyBase         exon  7092697  7092883     .      -     .   
365073          X  FlyBase          CDS  7092697  7092767     .      -     0   
365074          X  FlyBase  start_codon  7092765  7092767     .      -     0   
365075          X  FlyBase         exon  7087614  7087659     .      -     .   
365076          X  FlyBase          CDS  7087614  7087659     .      -     1   
365077          X  FlyBase         exon  7085619  7085954     .      -     .   
365078          X  FlyBase          CDS  7085619  7085954     .      -     0   
365079          X  FlyBase         exon  7085410  7085517     .      -     .   
365080          X  FlyBase          CDS  7085410  7085517     .      -     0   
365081          X  FlyBase         exon  7085158  7085339     .      -     .   
365082          X  FlyBase          CDS  7085158  7085339     .      -     0   
365083          X  FlyBase         exon  7084599  7084819     .      -     .   
365084          X  FlyBase          CDS  7084599  7084819     .      -     1   
365085          X  FlyBase         exon  7080989  7081054     .      -     .   
365086          X  FlyBase          CDS  7080989  7081054     .      -     2   
365087          X  FlyBase         exon  7074550  7079367     .      -     .   
365088          X  FlyBase          CDS  7079306  7079367     .      -     2   
365089          X  FlyBase   stop_codon  7079303  7079305     .      -     0   
365090          X  FlyBase          UTR  7092768  7092883     .      -     .   
365091          X  FlyBase          UTR  7074550  7079302     .      -     .   
365092          X  FlyBase   transcript  7075665  7098053     .      -     .   
365093          X  FlyBase         exon  7098001  7098053     .      -     .   
365094          X  FlyBase         exon  7091674  7092122     .      -     .   
365095          X  FlyBase          CDS  7091674  7091750     .      -     0   
365096          X  FlyBase  start_codon  7091748  7091750     .      -     0   
365097          X  FlyBase         exon  7087614  7087659     .      -     .   
365098          X  FlyBase          CDS  7087614  7087659     .      -     1   
365099          X  FlyBase         exon  7085619  7085954     .      -     .   
...           ...      ...          ...      ...      ...   ...    ...   ...   
365554          X  FlyBase          CDS  7085158  7085339     .      -     0   
365555          X  FlyBase         exon  7084164  7084819     .      -     .   
365556          X  FlyBase          CDS  7084531  7084819     .      -     1   
365557          X  FlyBase   stop_codon  7084528  7084530     .      -     0   
365558          X  FlyBase          UTR  7098001  7098053     .      -     .   
365559          X  FlyBase          UTR  7091751  7092122     .      -     .   
365560          X  FlyBase          UTR  7084164  7084527     .      -     .   
365561          X  FlyBase   transcript  7084164  7098051     .      -     .   
365562          X  FlyBase         exon  7098001  7098051     .      -     .   
365563          X  FlyBase         exon  7096998  7097059     .      -     .   
365564          X  FlyBase         exon  7091674  7092170     .      -     .   
365565          X  FlyBase          CDS  7091674  7091750     .      -     0   
365566          X  FlyBase  start_codon  7091748  7091750     .      -     0   
365567          X  FlyBase         exon  7088578  7088749     .      -     .   
365568          X  FlyBase          CDS  7088701  7088749     .      -     1   
365569          X  FlyBase   stop_codon  7088698  7088700     .      -     0   
365570          X  FlyBase         exon  7087614  7087659     .      -     .   
365571          X  FlyBase         exon  7085619  7085954     .      -     .   
365572          X  FlyBase         exon  7085410  7085517     .      -     .   
365573          X  FlyBase         exon  7085158  7085339     .      -     .   
365574          X  FlyBase         exon  7084164  7084819     .      -     .   
365575          X  FlyBase          UTR  7098001  7098051     .      -     .   
365576          X  FlyBase          UTR  7096998  7097059     .      -     .   
365577          X  FlyBase          UTR  7091751  7092170     .      -     .   
365578          X  FlyBase          UTR  7088578  7088697     .      -     .   
365579          X  FlyBase          UTR  7087614  7087659     .      -     .   
365580          X  FlyBase          UTR  7085619  7085954     .      -     .   
365581          X  FlyBase          UTR  7085410  7085517     .      -     .   
365582          X  FlyBase          UTR  7085158  7085339     .      -     .   
365583          X  FlyBase          UTR  7084164  7084819     .      -     .   

                                               attributes  
365070  gene_id "FBgn0264270"; gene_version "1"; gene_...  
365071  gene_id "FBgn0264270"; gene_version "1"; trans...  
365072  gene_id "FBgn0264270"; gene_version "1"; trans...  
365073  gene_id "FBgn0264270"; gene_version "1"; trans...  
365074  gene_id "FBgn0264270"; gene_version "1"; trans...  
365075  gene_id "FBgn0264270"; gene_version "1"; trans...  
365076  gene_id "FBgn0264270"; gene_version "1"; trans...  
365077  gene_id "FBgn0264270"; gene_version "1"; trans...  
365078  gene_id "FBgn0264270"; gene_version "1"; trans...  
365079  gene_id "FBgn0264270"; gene_version "1"; trans...  
365080  gene_id "FBgn0264270"; gene_version "1"; trans...  
365081  gene_id "FBgn0264270"; gene_version "1"; trans...  
365082  gene_id "FBgn0264270"; gene_version "1"; trans...  
365083  gene_id "FBgn0264270"; gene_version "1"; trans...  
365084  gene_id "FBgn0264270"; gene_version "1"; trans...  
365085  gene_id "FBgn0264270"; gene_version "1"; trans...  
365086  gene_id "FBgn0264270"; gene_version "1"; trans...  
365087  gene_id "FBgn0264270"; gene_version "1"; trans...  
365088  gene_id "FBgn0264270"; gene_version "1"; trans...  
365089  gene_id "FBgn0264270"; gene_version "1"; trans...  
365090  gene_id "FBgn0264270"; gene_version "1"; trans...  
365091  gene_id "FBgn0264270"; gene_version "1"; trans...  
365092  gene_id "FBgn0264270"; gene_version "1"; trans...  
365093  gene_id "FBgn0264270"; gene_version "1"; trans...  
365094  gene_id "FBgn0264270"; gene_version "1"; trans...  
365095  gene_id "FBgn0264270"; gene_version "1"; trans...  
365096  gene_id "FBgn0264270"; gene_version "1"; trans...  
365097  gene_id "FBgn0264270"; gene_version "1"; trans...  
365098  gene_id "FBgn0264270"; gene_version "1"; trans...  
365099  gene_id "FBgn0264270"; gene_version "1"; trans...  
...                                                   ...  
365554  gene_id "FBgn0264270"; gene_version "1"; trans...  
365555  gene_id "FBgn0264270"; gene_version "1"; trans...  
365556  gene_id "FBgn0264270"; gene_version "1"; trans...  
365557  gene_id "FBgn0264270"; gene_version "1"; trans...  
365558  gene_id "FBgn0264270"; gene_version "1"; trans...  
365559  gene_id "FBgn0264270"; gene_version "1"; trans...  
365560  gene_id "FBgn0264270"; gene_version "1"; trans...  
365561  gene_id "FBgn0264270"; gene_version "1"; trans...  
365562  gene_id "FBgn0264270"; gene_version "1"; trans...  
365563  gene_id "FBgn0264270"; gene_version "1"; trans...  
365564  gene_id "FBgn0264270"; gene_version "1"; trans...  
365565  gene_id "FBgn0264270"; gene_version "1"; trans...  
365566  gene_id "FBgn0264270"; gene_version "1"; trans...  
365567  gene_id "FBgn0264270"; gene_version "1"; trans...  
365568  gene_id "FBgn0264270"; gene_version "1"; trans...  
365569  gene_id "FBgn0264270"; gene_version "1"; trans...  
365570  gene_id "FBgn0264270"; gene_version "1"; trans...  
365571  gene_id "FBgn0264270"; gene_version "1"; trans...  
365572  gene_id "FBgn0264270"; gene_version "1"; trans...  
365573  gene_id "FBgn0264270"; gene_version "1"; trans...  
365574  gene_id "FBgn0264270"; gene_version "1"; trans...  
365575  gene_id "FBgn0264270"; gene_version "1"; trans...  
365576  gene_id "FBgn0264270"; gene_version "1"; trans...  
365577  gene_id "FBgn0264270"; gene_version "1"; trans...  
365578  gene_id "FBgn0264270"; gene_version "1"; trans...  
365579  gene_id "FBgn0264270"; gene_version "1"; trans...  
365580  gene_id "FBgn0264270"; gene_version "1"; trans...  
365581  gene_id "FBgn0264270"; gene_version "1"; trans...  
365582  gene_id "FBgn0264270"; gene_version "1"; trans...  
365583  gene_id "FBgn0264270"; gene_version "1"; trans...  

[514 rows x 9 columns]
