3          23.712564
8          10.997173
9          19.067924
10          6.315716
11        119.325905
12          6.421000
13         26.929455
16          8.754889
37         10.934341
38          4.575307
40          0.450122
41          4.699188
46         62.077541
47          1.415343
48          4.658643
50         99.437752
51         22.421080
102        44.577831
107         3.542214
109        45.014603
111        57.263374
113        31.764427
115        41.346897
116        53.574013
117         3.375653
125        21.208845
126        28.243387
127         2.267082
130        11.806623
131        11.026019
            ...     
34508       0.252522
34509       0.703064
34511       3.231698
34519       2.455513
34521      99.670654
34533       9.099788
34542      20.134710
34543     100.611771
34547     408.754913
34548     336.903473
34582      75.472771
34583      58.268227
34591      34.585766
34598      25.520485
34599       1.021316
34600      66.775154
34636       0.282051
34640      82.787125
34642      11.620083
34643       0.529857
34646      56.437389
34647      84.574150
34656       6.751729
34658      11.151757
34663      33.341347
34665      25.209366
34667    2339.313232
34684       0.072563
34699       7.675375
34715       2.011199
Name: FPKM, dtype: float64
